2015/03/02 17:35:28 [error] [exception.CHttpException.403] exception 'CHttpException' with message 'You are not allowed to access this page.' in C:\Inetpub\wwwroot\JLWebPHP\jlex\yii\framework\gii\GiiModule.php:170
Stack trace:
#0 C:\Inetpub\wwwroot\JLWebPHP\jlex\yii\framework\web\CController.php(263): GiiModule->beforeControllerAction(Object(DefaultController), Object(CInlineAction))
#1 C:\Inetpub\wwwroot\JLWebPHP\jlex\yii\framework\web\CWebApplication.php(282): CController->run('')
#2 C:\Inetpub\wwwroot\JLWebPHP\jlex\yii\framework\web\CWebApplication.php(141): CWebApplication->runController('gii')
#3 C:\Inetpub\wwwroot\JLWebPHP\jlex\yii\framework\base\CApplication.php(184): CWebApplication->processRequest()
#4 C:\Inetpub\wwwroot\JLWebPHP\jlex\gold\index.php(13): CApplication->run()
#5 {main}
REQUEST_URI=/gold/index.php?r=gii
---
2015/03/02 17:39:34 [error] [exception.CHttpException.403] exception 'CHttpException' with message 'You are not allowed to access this page.' in C:\Inetpub\wwwroot\JLWebPHP\jlex\yii\framework\gii\GiiModule.php:170
Stack trace:
#0 C:\Inetpub\wwwroot\JLWebPHP\jlex\yii\framework\web\CController.php(263): GiiModule->beforeControllerAction(Object(DefaultController), Object(CInlineAction))
#1 C:\Inetpub\wwwroot\JLWebPHP\jlex\yii\framework\web\CWebApplication.php(282): CController->run('')
#2 C:\Inetpub\wwwroot\JLWebPHP\jlex\yii\framework\web\CWebApplication.php(141): CWebApplication->runController('gii')
#3 C:\Inetpub\wwwroot\JLWebPHP\jlex\yii\framework\base\CApplication.php(184): CWebApplication->processRequest()
#4 C:\Inetpub\wwwroot\JLWebPHP\jlex\gold\index.php(13): CApplication->run()
#5 {main}
REQUEST_URI=/gold/index.php?r=gii
---
2015/03/02 17:41:36 [error] [exception.CHttpException.403] exception 'CHttpException' with message 'You are not allowed to access this page.' in C:\Inetpub\wwwroot\JLWebPHP\jlex\yii\framework\gii\GiiModule.php:170
Stack trace:
#0 C:\Inetpub\wwwroot\JLWebPHP\jlex\yii\framework\web\CController.php(263): GiiModule->beforeControllerAction(Object(DefaultController), Object(CInlineAction))
#1 C:\Inetpub\wwwroot\JLWebPHP\jlex\yii\framework\web\CWebApplication.php(282): CController->run('')
#2 C:\Inetpub\wwwroot\JLWebPHP\jlex\yii\framework\web\CWebApplication.php(141): CWebApplication->runController('gii')
#3 C:\Inetpub\wwwroot\JLWebPHP\jlex\yii\framework\base\CApplication.php(184): CWebApplication->processRequest()
#4 C:\Inetpub\wwwroot\JLWebPHP\jlex\gold\index.php(13): CApplication->run()
#5 {main}
REQUEST_URI=/gold/index.php?r=gii
---
2015/03/02 17:43:06 [error] [exception.CHttpException.403] exception 'CHttpException' with message 'You are not allowed to access this page.' in C:\Inetpub\wwwroot\JLWebPHP\jlex\yii\framework\gii\GiiModule.php:170
Stack trace:
#0 C:\Inetpub\wwwroot\JLWebPHP\jlex\yii\framework\web\CController.php(263): GiiModule->beforeControllerAction(Object(DefaultController), Object(CInlineAction))
#1 C:\Inetpub\wwwroot\JLWebPHP\jlex\yii\framework\web\CWebApplication.php(282): CController->run('')
#2 C:\Inetpub\wwwroot\JLWebPHP\jlex\yii\framework\web\CWebApplication.php(141): CWebApplication->runController('gii')
#3 C:\Inetpub\wwwroot\JLWebPHP\jlex\yii\framework\base\CApplication.php(184): CWebApplication->processRequest()
#4 C:\Inetpub\wwwroot\JLWebPHP\jlex\gold\index.php(13): CApplication->run()
#5 {main}
REQUEST_URI=/gold/index.php?r=gii
---
2015/03/02 17:43:08 [error] [exception.CHttpException.403] exception 'CHttpException' with message 'You are not allowed to access this page.' in C:\Inetpub\wwwroot\JLWebPHP\jlex\yii\framework\gii\GiiModule.php:170
Stack trace:
#0 C:\Inetpub\wwwroot\JLWebPHP\jlex\yii\framework\web\CController.php(263): GiiModule->beforeControllerAction(Object(DefaultController), Object(CInlineAction))
#1 C:\Inetpub\wwwroot\JLWebPHP\jlex\yii\framework\web\CWebApplication.php(282): CController->run('')
#2 C:\Inetpub\wwwroot\JLWebPHP\jlex\yii\framework\web\CWebApplication.php(141): CWebApplication->runController('gii')
#3 C:\Inetpub\wwwroot\JLWebPHP\jlex\yii\framework\base\CApplication.php(184): CWebApplication->processRequest()
#4 C:\Inetpub\wwwroot\JLWebPHP\jlex\gold\index.php(13): CApplication->run()
#5 {main}
REQUEST_URI=/gold/index.php?r=gii
---
2015/03/02 17:44:38 [error] [exception.CHttpException.403] exception 'CHttpException' with message 'You are not allowed to access this page.' in C:\Inetpub\wwwroot\JLWebPHP\jlex\yii\framework\gii\GiiModule.php:170
Stack trace:
#0 C:\Inetpub\wwwroot\JLWebPHP\jlex\yii\framework\web\CController.php(263): GiiModule->beforeControllerAction(Object(DefaultController), Object(CInlineAction))
#1 C:\Inetpub\wwwroot\JLWebPHP\jlex\yii\framework\web\CWebApplication.php(282): CController->run('')
#2 C:\Inetpub\wwwroot\JLWebPHP\jlex\yii\framework\web\CWebApplication.php(141): CWebApplication->runController('gii')
#3 C:\Inetpub\wwwroot\JLWebPHP\jlex\yii\framework\base\CApplication.php(184): CWebApplication->processRequest()
#4 C:\Inetpub\wwwroot\JLWebPHP\jlex\gold\index.php(13): CApplication->run()
#5 {main}
REQUEST_URI=/gold/index.php?r=gii
---
2015/03/02 17:44:50 [error] [exception.CHttpException.403] exception 'CHttpException' with message 'You are not allowed to access this page.' in C:\Inetpub\wwwroot\JLWebPHP\jlex\yii\framework\gii\GiiModule.php:170
Stack trace:
#0 C:\Inetpub\wwwroot\JLWebPHP\jlex\yii\framework\web\CController.php(263): GiiModule->beforeControllerAction(Object(DefaultController), Object(CInlineAction))
#1 C:\Inetpub\wwwroot\JLWebPHP\jlex\yii\framework\web\CWebApplication.php(282): CController->run('')
#2 C:\Inetpub\wwwroot\JLWebPHP\jlex\yii\framework\web\CWebApplication.php(141): CWebApplication->runController('gii')
#3 C:\Inetpub\wwwroot\JLWebPHP\jlex\yii\framework\base\CApplication.php(184): CWebApplication->processRequest()
#4 C:\Inetpub\wwwroot\JLWebPHP\jlex\gold\index.php(13): CApplication->run()
#5 {main}
REQUEST_URI=/gold/index.php?r=gii
---
2015/03/02 17:45:22 [error] [exception.CHttpException.403] exception 'CHttpException' with message 'You are not allowed to access this page.' in C:\Inetpub\wwwroot\JLWebPHP\jlex\yii\framework\gii\GiiModule.php:170
Stack trace:
#0 C:\Inetpub\wwwroot\JLWebPHP\jlex\yii\framework\web\CController.php(263): GiiModule->beforeControllerAction(Object(DefaultController), Object(CInlineAction))
#1 C:\Inetpub\wwwroot\JLWebPHP\jlex\yii\framework\web\CWebApplication.php(282): CController->run('')
#2 C:\Inetpub\wwwroot\JLWebPHP\jlex\yii\framework\web\CWebApplication.php(141): CWebApplication->runController('gii')
#3 C:\Inetpub\wwwroot\JLWebPHP\jlex\yii\framework\base\CApplication.php(184): CWebApplication->processRequest()
#4 C:\Inetpub\wwwroot\JLWebPHP\jlex\gold\index.php(13): CApplication->run()
#5 {main}
REQUEST_URI=/gold/index.php?r=gii
---
2015/03/02 17:47:23 [error] [exception.CHttpException.403] exception 'CHttpException' with message 'You are not allowed to access this page.' in C:\Inetpub\wwwroot\JLWebPHP\jlex\yii\framework\gii\GiiModule.php:170
Stack trace:
#0 C:\Inetpub\wwwroot\JLWebPHP\jlex\yii\framework\web\CController.php(263): GiiModule->beforeControllerAction(Object(DefaultController), Object(CInlineAction))
#1 C:\Inetpub\wwwroot\JLWebPHP\jlex\yii\framework\web\CWebApplication.php(282): CController->run('')
#2 C:\Inetpub\wwwroot\JLWebPHP\jlex\yii\framework\web\CWebApplication.php(141): CWebApplication->runController('gii')
#3 C:\Inetpub\wwwroot\JLWebPHP\jlex\yii\framework\base\CApplication.php(184): CWebApplication->processRequest()
#4 C:\Inetpub\wwwroot\JLWebPHP\jlex\gold\index.php(13): CApplication->run()
#5 {main}
REQUEST_URI=/gold/index.php?r=gii
---
2015/03/02 17:47:45 [error] [exception.CHttpException.403] exception 'CHttpException' with message 'You are not allowed to access this page.' in C:\Inetpub\wwwroot\JLWebPHP\jlex\yii\framework\gii\GiiModule.php:170
Stack trace:
#0 C:\Inetpub\wwwroot\JLWebPHP\jlex\yii\framework\web\CController.php(263): GiiModule->beforeControllerAction(Object(DefaultController), Object(CInlineAction))
#1 C:\Inetpub\wwwroot\JLWebPHP\jlex\yii\framework\web\CWebApplication.php(282): CController->run('index')
#2 C:\Inetpub\wwwroot\JLWebPHP\jlex\yii\framework\web\CWebApplication.php(141): CWebApplication->runController('gii/default/ind...')
#3 C:\Inetpub\wwwroot\JLWebPHP\jlex\yii\framework\base\CApplication.php(184): CWebApplication->processRequest()
#4 C:\Inetpub\wwwroot\JLWebPHP\jlex\gold\index.php(13): CApplication->run()
#5 {main}
REQUEST_URI=/gold/index.php?r=gii/default/index
HTTP_REFERER=http://192.168.93.133/gold/index.php?r=gii/default/login
---
2015/03/02 17:48:27 [error] [exception.CDbException] exception 'CDbException' with message 'CDbConnection failed to open the DB connection: SQLSTATE[IMSSP]: An invalid keyword 'dbname' was specified in the DSN string.' in C:\Inetpub\wwwroot\JLWebPHP\jlex\yii\framework\db\CDbConnection.php:399
Stack trace:
#0 C:\Inetpub\wwwroot\JLWebPHP\jlex\yii\framework\db\CDbConnection.php(347): CDbConnection->open()
#1 C:\Inetpub\wwwroot\JLWebPHP\jlex\yii\framework\db\CDbConnection.php(325): CDbConnection->setActive(true)
#2 C:\Inetpub\wwwroot\JLWebPHP\jlex\yii\framework\base\CModule.php(394): CDbConnection->init()
#3 C:\Inetpub\wwwroot\JLWebPHP\jlex\yii\framework\base\CModule.php(103): CModule->getComponent('db')
#4 C:\Inetpub\wwwroot\JLWebPHP\jlex\yii\framework\gii\generators\model\ModelCode.php(60): CModule->__get('db')
#5 C:\Inetpub\wwwroot\JLWebPHP\jlex\yii\framework\web\CFormModel.php(39): ModelCode->init()
#6 C:\Inetpub\wwwroot\JLWebPHP\jlex\yii\framework\gii\CCodeGenerator.php(153): CFormModel->__construct()
#7 C:\Inetpub\wwwroot\JLWebPHP\jlex\yii\framework\gii\CCodeGenerator.php(63): CCodeGenerator->prepare()
#8 C:\Inetpub\wwwroot\JLWebPHP\jlex\yii\framework\web\actions\CInlineAction.php(49): CCodeGenerator->actionIndex()
#9 C:\Inetpub\wwwroot\JLWebPHP\jlex\yii\framework\web\CController.php(308): CInlineAction->runWithParams(Array)
#10 C:\Inetpub\wwwroot\JLWebPHP\jlex\yii\framework\web\CController.php(286): CController->runAction(Object(CInlineAction))
#11 C:\Inetpub\wwwroot\JLWebPHP\jlex\yii\framework\web\CController.php(265): CController->runActionWithFilters(Object(CInlineAction), Array)
#12 C:\Inetpub\wwwroot\JLWebPHP\jlex\yii\framework\web\CWebApplication.php(282): CController->run('index')
#13 C:\Inetpub\wwwroot\JLWebPHP\jlex\yii\framework\web\CWebApplication.php(141): CWebApplication->runController('gii/model/index')
#14 C:\Inetpub\wwwroot\JLWebPHP\jlex\yii\framework\base\CApplication.php(184): CWebApplication->processRequest()
#15 C:\Inetpub\wwwroot\JLWebPHP\jlex\gold\index.php(13): CApplication->run()
#16 {main}
REQUEST_URI=/gold/index.php?r=gii/model/index
HTTP_REFERER=http://192.168.93.133/gold/index.php?r=gii/default/index
---
2015/03/02 17:56:43 [error] [exception.CHttpException.403] exception 'CHttpException' with message 'You are not allowed to access this page.' in C:\Inetpub\wwwroot\JLWebPHP\jlex\yii\framework\gii\GiiModule.php:170
Stack trace:
#0 C:\Inetpub\wwwroot\JLWebPHP\jlex\yii\framework\web\CController.php(263): GiiModule->beforeControllerAction(Object(DefaultController), Object(CInlineAction))
#1 C:\Inetpub\wwwroot\JLWebPHP\jlex\yii\framework\web\CWebApplication.php(282): CController->run('')
#2 C:\Inetpub\wwwroot\JLWebPHP\jlex\yii\framework\web\CWebApplication.php(141): CWebApplication->runController('gii')
#3 C:\Inetpub\wwwroot\JLWebPHP\jlex\yii\framework\base\CApplication.php(184): CWebApplication->processRequest()
#4 C:\Inetpub\wwwroot\JLWebPHP\jlex\gold\index.php(13): CApplication->run()
#5 {main}
REQUEST_URI=/gold/index.php?r=gii
---
2015/03/03 12:19:37 [error] [php] Trying to get property of non-object (C:\Inetpub\wwwroot\JLWebPHP\jlex\gold\protected\views\layouts\main.php:17)
Stack trace:
#0 C:\Inetpub\wwwroot\JLWebPHP\jlex\yii\framework\web\widgets\CContentDecorator.php(76): UserController->renderFile()
#1 C:\Inetpub\wwwroot\JLWebPHP\jlex\yii\framework\web\widgets\CContentDecorator.php(54): CContentDecorator->decorate()
#2 C:\Inetpub\wwwroot\JLWebPHP\jlex\yii\framework\web\widgets\COutputProcessor.php(44): CContentDecorator->processOutput()
#3 C:\Inetpub\wwwroot\JLWebPHP\jlex\yii\framework\web\CBaseController.php(214): CContentDecorator->run()
#4 C:\Inetpub\wwwroot\JLWebPHP\jlex\yii\framework\web\CBaseController.php(308): UserController->endWidget()
#5 C:\Inetpub\wwwroot\JLWebPHP\jlex\gold\protected\views\layouts\column2.php(90): UserController->endContent()
#6 C:\Inetpub\wwwroot\JLWebPHP\jlex\yii\framework\web\CBaseController.php(126): require()
#7 C:\Inetpub\wwwroot\JLWebPHP\jlex\yii\framework\web\CBaseController.php(95): UserController->renderInternal()
#8 C:\Inetpub\wwwroot\JLWebPHP\jlex\yii\framework\web\CController.php(784): UserController->renderFile()
#9 C:\Inetpub\wwwroot\JLWebPHP\jlex\gold\protected\controllers\UserController.php(128): UserController->render()
#10 C:\Inetpub\wwwroot\JLWebPHP\jlex\yii\framework\web\actions\CInlineAction.php(49): UserController->actionIndex()
#11 C:\Inetpub\wwwroot\JLWebPHP\jlex\yii\framework\web\CController.php(308): CInlineAction->runWithParams()
#12 C:\Inetpub\wwwroot\JLWebPHP\jlex\yii\framework\web\filters\CFilterChain.php(133): UserController->runAction()
#13 C:\Inetpub\wwwroot\JLWebPHP\jlex\yii\framework\web\filters\CFilter.php(40): CFilterChain->run()
#14 C:\Inetpub\wwwroot\JLWebPHP\jlex\yii\framework\web\CController.php(1145): CAccessControlFilter->filter()
#15 C:\Inetpub\wwwroot\JLWebPHP\jlex\yii\framework\web\filters\CInlineFilter.php(58): UserController->filterAccessControl()
#16 C:\Inetpub\wwwroot\JLWebPHP\jlex\yii\framework\web\filters\CFilterChain.php(130): CInlineFilter->filter()
#17 C:\Inetpub\wwwroot\JLWebPHP\jlex\yii\framework\web\CController.php(291): CFilterChain->run()
#18 C:\Inetpub\wwwroot\JLWebPHP\jlex\yii\framework\web\CController.php(265): UserController->runActionWithFilters()
#19 C:\Inetpub\wwwroot\JLWebPHP\jlex\yii\framework\web\CWebApplication.php(282): UserController->run()
#20 C:\Inetpub\wwwroot\JLWebPHP\jlex\yii\framework\web\CWebApplication.php(141): CWebApplication->runController()
#21 C:\Inetpub\wwwroot\JLWebPHP\jlex\yii\framework\base\CApplication.php(184): CWebApplication->processRequest()
#22 C:\Inetpub\wwwroot\JLWebPHP\jlex\gold\index.php(13): CWebApplication->run()
REQUEST_URI=/gold/index.php?r=user
in C:\Inetpub\wwwroot\JLWebPHP\jlex\gold\protected\views\layouts\main.php (17)
in C:\Inetpub\wwwroot\JLWebPHP\jlex\gold\protected\views\layouts\column2.php (90)
in C:\Inetpub\wwwroot\JLWebPHP\jlex\gold\protected\controllers\UserController.php (128)
2015/03/03 12:19:43 [error] [php] Trying to get property of non-object (C:\Inetpub\wwwroot\JLWebPHP\jlex\gold\protected\views\site\index.php:5)
Stack trace:
#0 C:\Inetpub\wwwroot\JLWebPHP\jlex\yii\framework\web\CController.php(869): SiteController->renderFile()
#1 C:\Inetpub\wwwroot\JLWebPHP\jlex\yii\framework\web\CController.php(782): SiteController->renderPartial()
#2 C:\Inetpub\wwwroot\JLWebPHP\jlex\gold\protected\controllers\SiteController.php(32): SiteController->render()
#3 C:\Inetpub\wwwroot\JLWebPHP\jlex\yii\framework\web\actions\CInlineAction.php(49): SiteController->actionIndex()
#4 C:\Inetpub\wwwroot\JLWebPHP\jlex\yii\framework\web\CController.php(308): CInlineAction->runWithParams()
#5 C:\Inetpub\wwwroot\JLWebPHP\jlex\yii\framework\web\CController.php(286): SiteController->runAction()
#6 C:\Inetpub\wwwroot\JLWebPHP\jlex\yii\framework\web\CController.php(265): SiteController->runActionWithFilters()
#7 C:\Inetpub\wwwroot\JLWebPHP\jlex\yii\framework\web\CWebApplication.php(282): SiteController->run()
#8 C:\Inetpub\wwwroot\JLWebPHP\jlex\yii\framework\web\CWebApplication.php(141): CWebApplication->runController()
#9 C:\Inetpub\wwwroot\JLWebPHP\jlex\yii\framework\base\CApplication.php(184): CWebApplication->processRequest()
#10 C:\Inetpub\wwwroot\JLWebPHP\jlex\gold\index.php(13): CWebApplication->run()
REQUEST_URI=/gold/index.php
in C:\Inetpub\wwwroot\JLWebPHP\jlex\gold\protected\views\site\index.php (5)
in C:\Inetpub\wwwroot\JLWebPHP\jlex\gold\protected\controllers\SiteController.php (32)
in C:\Inetpub\wwwroot\JLWebPHP\jlex\gold\index.php (13)
2015/03/03 12:29:08 [error] [php] Trying to get property of non-object (C:\Inetpub\wwwroot\JLWebPHP\jlex\gold\protected\views\site\index.php:5)
Stack trace:
#0 C:\Inetpub\wwwroot\JLWebPHP\jlex\yii\framework\web\CController.php(869): SiteController->renderFile()
#1 C:\Inetpub\wwwroot\JLWebPHP\jlex\yii\framework\web\CController.php(782): SiteController->renderPartial()
#2 C:\Inetpub\wwwroot\JLWebPHP\jlex\gold\protected\controllers\SiteController.php(32): SiteController->render()
#3 C:\Inetpub\wwwroot\JLWebPHP\jlex\yii\framework\web\actions\CInlineAction.php(49): SiteController->actionIndex()
#4 C:\Inetpub\wwwroot\JLWebPHP\jlex\yii\framework\web\CController.php(308): CInlineAction->runWithParams()
#5 C:\Inetpub\wwwroot\JLWebPHP\jlex\yii\framework\web\CController.php(286): SiteController->runAction()
#6 C:\Inetpub\wwwroot\JLWebPHP\jlex\yii\framework\web\CController.php(265): SiteController->runActionWithFilters()
#7 C:\Inetpub\wwwroot\JLWebPHP\jlex\yii\framework\web\CWebApplication.php(282): SiteController->run()
#8 C:\Inetpub\wwwroot\JLWebPHP\jlex\yii\framework\web\CWebApplication.php(141): CWebApplication->runController()
#9 C:\Inetpub\wwwroot\JLWebPHP\jlex\yii\framework\base\CApplication.php(184): CWebApplication->processRequest()
#10 C:\Inetpub\wwwroot\JLWebPHP\jlex\gold\index.php(13): CWebApplication->run()
REQUEST_URI=/gold/index.php
in C:\Inetpub\wwwroot\JLWebPHP\jlex\gold\protected\views\site\index.php (5)
in C:\Inetpub\wwwroot\JLWebPHP\jlex\gold\protected\controllers\SiteController.php (32)
in C:\Inetpub\wwwroot\JLWebPHP\jlex\gold\index.php (13)
2015/03/03 12:35:23 [error] [php] Trying to get property of non-object (C:\Inetpub\wwwroot\JLWebPHP\jlex\gold\protected\views\site\index.php:5)
Stack trace:
#0 C:\Inetpub\wwwroot\JLWebPHP\jlex\yii\framework\web\CController.php(869): SiteController->renderFile()
#1 C:\Inetpub\wwwroot\JLWebPHP\jlex\yii\framework\web\CController.php(782): SiteController->renderPartial()
#2 C:\Inetpub\wwwroot\JLWebPHP\jlex\gold\protected\controllers\SiteController.php(32): SiteController->render()
#3 C:\Inetpub\wwwroot\JLWebPHP\jlex\yii\framework\web\actions\CInlineAction.php(49): SiteController->actionIndex()
#4 C:\Inetpub\wwwroot\JLWebPHP\jlex\yii\framework\web\CController.php(308): CInlineAction->runWithParams()
#5 C:\Inetpub\wwwroot\JLWebPHP\jlex\yii\framework\web\CController.php(286): SiteController->runAction()
#6 C:\Inetpub\wwwroot\JLWebPHP\jlex\yii\framework\web\CController.php(265): SiteController->runActionWithFilters()
#7 C:\Inetpub\wwwroot\JLWebPHP\jlex\yii\framework\web\CWebApplication.php(282): SiteController->run()
#8 C:\Inetpub\wwwroot\JLWebPHP\jlex\yii\framework\web\CWebApplication.php(141): CWebApplication->runController()
#9 C:\Inetpub\wwwroot\JLWebPHP\jlex\yii\framework\base\CApplication.php(184): CWebApplication->processRequest()
#10 C:\Inetpub\wwwroot\JLWebPHP\jlex\gold\index.php(13): CWebApplication->run()
REQUEST_URI=/gold/index.php
in C:\Inetpub\wwwroot\JLWebPHP\jlex\gold\protected\views\site\index.php (5)
in C:\Inetpub\wwwroot\JLWebPHP\jlex\gold\protected\controllers\SiteController.php (32)
in C:\Inetpub\wwwroot\JLWebPHP\jlex\gold\index.php (13)
2015/03/03 12:35:25 [error] [php] Trying to get property of non-object (C:\Inetpub\wwwroot\JLWebPHP\jlex\gold\protected\views\site\index.php:5)
Stack trace:
#0 C:\Inetpub\wwwroot\JLWebPHP\jlex\yii\framework\web\CController.php(869): SiteController->renderFile()
#1 C:\Inetpub\wwwroot\JLWebPHP\jlex\yii\framework\web\CController.php(782): SiteController->renderPartial()
#2 C:\Inetpub\wwwroot\JLWebPHP\jlex\gold\protected\controllers\SiteController.php(32): SiteController->render()
#3 C:\Inetpub\wwwroot\JLWebPHP\jlex\yii\framework\web\actions\CInlineAction.php(49): SiteController->actionIndex()
#4 C:\Inetpub\wwwroot\JLWebPHP\jlex\yii\framework\web\CController.php(308): CInlineAction->runWithParams()
#5 C:\Inetpub\wwwroot\JLWebPHP\jlex\yii\framework\web\CController.php(286): SiteController->runAction()
#6 C:\Inetpub\wwwroot\JLWebPHP\jlex\yii\framework\web\CController.php(265): SiteController->runActionWithFilters()
#7 C:\Inetpub\wwwroot\JLWebPHP\jlex\yii\framework\web\CWebApplication.php(282): SiteController->run()
#8 C:\Inetpub\wwwroot\JLWebPHP\jlex\yii\framework\web\CWebApplication.php(141): CWebApplication->runController()
#9 C:\Inetpub\wwwroot\JLWebPHP\jlex\yii\framework\base\CApplication.php(184): CWebApplication->processRequest()
#10 C:\Inetpub\wwwroot\JLWebPHP\jlex\gold\index.php(13): CWebApplication->run()
REQUEST_URI=/gold/index.php
in C:\Inetpub\wwwroot\JLWebPHP\jlex\gold\protected\views\site\index.php (5)
in C:\Inetpub\wwwroot\JLWebPHP\jlex\gold\protected\controllers\SiteController.php (32)
in C:\Inetpub\wwwroot\JLWebPHP\jlex\gold\index.php (13)
2015/03/03 12:35:32 [error] [php] Trying to get property of non-object (C:\Inetpub\wwwroot\JLWebPHP\jlex\gold\protected\views\site\index.php:5)
Stack trace:
#0 C:\Inetpub\wwwroot\JLWebPHP\jlex\yii\framework\web\CController.php(869): SiteController->renderFile()
#1 C:\Inetpub\wwwroot\JLWebPHP\jlex\yii\framework\web\CController.php(782): SiteController->renderPartial()
#2 C:\Inetpub\wwwroot\JLWebPHP\jlex\gold\protected\controllers\SiteController.php(32): SiteController->render()
#3 C:\Inetpub\wwwroot\JLWebPHP\jlex\yii\framework\web\actions\CInlineAction.php(49): SiteController->actionIndex()
#4 C:\Inetpub\wwwroot\JLWebPHP\jlex\yii\framework\web\CController.php(308): CInlineAction->runWithParams()
#5 C:\Inetpub\wwwroot\JLWebPHP\jlex\yii\framework\web\CController.php(286): SiteController->runAction()
#6 C:\Inetpub\wwwroot\JLWebPHP\jlex\yii\framework\web\CController.php(265): SiteController->runActionWithFilters()
#7 C:\Inetpub\wwwroot\JLWebPHP\jlex\yii\framework\web\CWebApplication.php(282): SiteController->run()
#8 C:\Inetpub\wwwroot\JLWebPHP\jlex\yii\framework\web\CWebApplication.php(141): CWebApplication->runController()
#9 C:\Inetpub\wwwroot\JLWebPHP\jlex\yii\framework\base\CApplication.php(184): CWebApplication->processRequest()
#10 C:\Inetpub\wwwroot\JLWebPHP\jlex\gold\index.php(13): CWebApplication->run()
REQUEST_URI=/gold/index.php
in C:\Inetpub\wwwroot\JLWebPHP\jlex\gold\protected\views\site\index.php (5)
in C:\Inetpub\wwwroot\JLWebPHP\jlex\gold\protected\controllers\SiteController.php (32)
in C:\Inetpub\wwwroot\JLWebPHP\jlex\gold\index.php (13)
2015/03/03 12:35:33 [error] [php] Trying to get property of non-object (C:\Inetpub\wwwroot\JLWebPHP\jlex\gold\protected\views\site\index.php:5)
Stack trace:
#0 C:\Inetpub\wwwroot\JLWebPHP\jlex\yii\framework\web\CController.php(869): SiteController->renderFile()
#1 C:\Inetpub\wwwroot\JLWebPHP\jlex\yii\framework\web\CController.php(782): SiteController->renderPartial()
#2 C:\Inetpub\wwwroot\JLWebPHP\jlex\gold\protected\controllers\SiteController.php(32): SiteController->render()
#3 C:\Inetpub\wwwroot\JLWebPHP\jlex\yii\framework\web\actions\CInlineAction.php(49): SiteController->actionIndex()
#4 C:\Inetpub\wwwroot\JLWebPHP\jlex\yii\framework\web\CController.php(308): CInlineAction->runWithParams()
#5 C:\Inetpub\wwwroot\JLWebPHP\jlex\yii\framework\web\CController.php(286): SiteController->runAction()
#6 C:\Inetpub\wwwroot\JLWebPHP\jlex\yii\framework\web\CController.php(265): SiteController->runActionWithFilters()
#7 C:\Inetpub\wwwroot\JLWebPHP\jlex\yii\framework\web\CWebApplication.php(282): SiteController->run()
#8 C:\Inetpub\wwwroot\JLWebPHP\jlex\yii\framework\web\CWebApplication.php(141): CWebApplication->runController()
#9 C:\Inetpub\wwwroot\JLWebPHP\jlex\yii\framework\base\CApplication.php(184): CWebApplication->processRequest()
#10 C:\Inetpub\wwwroot\JLWebPHP\jlex\gold\index.php(13): CWebApplication->run()
REQUEST_URI=/gold/index.php
in C:\Inetpub\wwwroot\JLWebPHP\jlex\gold\protected\views\site\index.php (5)
in C:\Inetpub\wwwroot\JLWebPHP\jlex\gold\protected\controllers\SiteController.php (32)
in C:\Inetpub\wwwroot\JLWebPHP\jlex\gold\index.php (13)
2015/03/03 12:35:34 [error] [php] Trying to get property of non-object (C:\Inetpub\wwwroot\JLWebPHP\jlex\gold\protected\views\site\index.php:5)
Stack trace:
#0 C:\Inetpub\wwwroot\JLWebPHP\jlex\yii\framework\web\CController.php(869): SiteController->renderFile()
#1 C:\Inetpub\wwwroot\JLWebPHP\jlex\yii\framework\web\CController.php(782): SiteController->renderPartial()
#2 C:\Inetpub\wwwroot\JLWebPHP\jlex\gold\protected\controllers\SiteController.php(32): SiteController->render()
#3 C:\Inetpub\wwwroot\JLWebPHP\jlex\yii\framework\web\actions\CInlineAction.php(49): SiteController->actionIndex()
#4 C:\Inetpub\wwwroot\JLWebPHP\jlex\yii\framework\web\CController.php(308): CInlineAction->runWithParams()
#5 C:\Inetpub\wwwroot\JLWebPHP\jlex\yii\framework\web\CController.php(286): SiteController->runAction()
#6 C:\Inetpub\wwwroot\JLWebPHP\jlex\yii\framework\web\CController.php(265): SiteController->runActionWithFilters()
#7 C:\Inetpub\wwwroot\JLWebPHP\jlex\yii\framework\web\CWebApplication.php(282): SiteController->run()
#8 C:\Inetpub\wwwroot\JLWebPHP\jlex\yii\framework\web\CWebApplication.php(141): CWebApplication->runController()
#9 C:\Inetpub\wwwroot\JLWebPHP\jlex\yii\framework\base\CApplication.php(184): CWebApplication->processRequest()
#10 C:\Inetpub\wwwroot\JLWebPHP\jlex\gold\index.php(13): CWebApplication->run()
REQUEST_URI=/gold/index.php
in C:\Inetpub\wwwroot\JLWebPHP\jlex\gold\protected\views\site\index.php (5)
in C:\Inetpub\wwwroot\JLWebPHP\jlex\gold\protected\controllers\SiteController.php (32)
in C:\Inetpub\wwwroot\JLWebPHP\jlex\gold\index.php (13)
2015/03/03 12:35:35 [error] [php] Trying to get property of non-object (C:\Inetpub\wwwroot\JLWebPHP\jlex\gold\protected\views\site\index.php:5)
Stack trace:
#0 C:\Inetpub\wwwroot\JLWebPHP\jlex\yii\framework\web\CController.php(869): SiteController->renderFile()
#1 C:\Inetpub\wwwroot\JLWebPHP\jlex\yii\framework\web\CController.php(782): SiteController->renderPartial()
#2 C:\Inetpub\wwwroot\JLWebPHP\jlex\gold\protected\controllers\SiteController.php(32): SiteController->render()
#3 C:\Inetpub\wwwroot\JLWebPHP\jlex\yii\framework\web\actions\CInlineAction.php(49): SiteController->actionIndex()
#4 C:\Inetpub\wwwroot\JLWebPHP\jlex\yii\framework\web\CController.php(308): CInlineAction->runWithParams()
#5 C:\Inetpub\wwwroot\JLWebPHP\jlex\yii\framework\web\CController.php(286): SiteController->runAction()
#6 C:\Inetpub\wwwroot\JLWebPHP\jlex\yii\framework\web\CController.php(265): SiteController->runActionWithFilters()
#7 C:\Inetpub\wwwroot\JLWebPHP\jlex\yii\framework\web\CWebApplication.php(282): SiteController->run()
#8 C:\Inetpub\wwwroot\JLWebPHP\jlex\yii\framework\web\CWebApplication.php(141): CWebApplication->runController()
#9 C:\Inetpub\wwwroot\JLWebPHP\jlex\yii\framework\base\CApplication.php(184): CWebApplication->processRequest()
#10 C:\Inetpub\wwwroot\JLWebPHP\jlex\gold\index.php(13): CWebApplication->run()
REQUEST_URI=/gold/index.php
in C:\Inetpub\wwwroot\JLWebPHP\jlex\gold\protected\views\site\index.php (5)
in C:\Inetpub\wwwroot\JLWebPHP\jlex\gold\protected\controllers\SiteController.php (32)
in C:\Inetpub\wwwroot\JLWebPHP\jlex\gold\index.php (13)
