2015/03/02 12:18:08 [error] [exception.CDbException] could not find driver
2015/03/02 12:18:08 [error] [exception.CDbException] exception 'CDbException' with message 'CDbConnection failed to open the DB connection.' in C:\Inetpub\wwwroot\JLWebPHP\jlex\yii\framework\db\CDbConnection.php:405
Stack trace:
#0 C:\Inetpub\wwwroot\JLWebPHP\jlex\yii\framework\db\CDbConnection.php(347): CDbConnection->open()
#1 C:\Inetpub\wwwroot\JLWebPHP\jlex\yii\framework\db\CDbConnection.php(325): CDbConnection->setActive(true)
#2 C:\Inetpub\wwwroot\JLWebPHP\jlex\yii\framework\base\CModule.php(394): CDbConnection->init()
#3 C:\Inetpub\wwwroot\JLWebPHP\jlex\yii\framework\base\CApplication.php(458): CModule->getComponent('db')
#4 C:\Inetpub\wwwroot\JLWebPHP\jlex\yii\framework\db\ar\CActiveRecord.php(637): CApplication->getDb()
#5 C:\Inetpub\wwwroot\JLWebPHP\jlex\yii\framework\db\ar\CActiveRecord.php(670): CActiveRecord->getDbConnection()
#6 C:\Inetpub\wwwroot\JLWebPHP\jlex\yii\framework\db\ar\CActiveRecord.php(1601): CActiveRecord->getCommandBuilder()
#7 C:\Inetpub\wwwroot\JLWebPHP\jlex\yii\framework\web\CActiveDataProvider.php(228): CActiveRecord->count(Object(CDbCriteria))
#8 C:\Inetpub\wwwroot\JLWebPHP\jlex\yii\framework\web\CDataProvider.php(224): CActiveDataProvider->calculateTotalItemCount()
#9 C:\Inetpub\wwwroot\JLWebPHP\jlex\yii\framework\web\CActiveDataProvider.php(178): CDataProvider->getTotalItemCount()
#10 C:\Inetpub\wwwroot\JLWebPHP\jlex\yii\framework\web\CDataProvider.php(168): CActiveDataProvider->fetchData()
#11 C:\Inetpub\wwwroot\JLWebPHP\jlex\yii\framework\zii\widgets\CBaseListView.php(125): CDataProvider->getData()
#12 C:\Inetpub\wwwroot\JLWebPHP\jlex\yii\framework\zii\widgets\CListView.php(211): CBaseListView->init()
#13 C:\Inetpub\wwwroot\JLWebPHP\jlex\yii\framework\web\CBaseController.php(147): CListView->init()
#14 C:\Inetpub\wwwroot\JLWebPHP\jlex\yii\framework\web\CBaseController.php(180): CBaseController->createWidget('zii.widgets.CLi...', Array)
#15 C:\Inetpub\wwwroot\JLWebPHP\jlex\yii\demos\blog\protected\views\post\index.php(9): CBaseController->widget('zii.widgets.CLi...', Array)
#16 C:\Inetpub\wwwroot\JLWebPHP\jlex\yii\framework\web\CBaseController.php(126): require('C:\Inetpub\wwwr...')
#17 C:\Inetpub\wwwroot\JLWebPHP\jlex\yii\framework\web\CBaseController.php(95): CBaseController->renderInternal('C:\Inetpub\wwwr...', Array, true)
#18 C:\Inetpub\wwwroot\JLWebPHP\jlex\yii\framework\web\CController.php(869): CBaseController->renderFile('C:\Inetpub\wwwr...', Array, true)
#19 C:\Inetpub\wwwroot\JLWebPHP\jlex\yii\framework\web\CController.php(782): CController->renderPartial('index', Array, true)
#20 C:\Inetpub\wwwroot\JLWebPHP\jlex\yii\demos\blog\protected\controllers\PostController.php(136): CController->render('index', Array)
#21 C:\Inetpub\wwwroot\JLWebPHP\jlex\yii\framework\web\actions\CInlineAction.php(49): PostController->actionIndex()
#22 C:\Inetpub\wwwroot\JLWebPHP\jlex\yii\framework\web\CController.php(308): CInlineAction->runWithParams(Array)
#23 C:\Inetpub\wwwroot\JLWebPHP\jlex\yii\framework\web\filters\CFilterChain.php(133): CController->runAction(Object(CInlineAction))
#24 C:\Inetpub\wwwroot\JLWebPHP\jlex\yii\framework\web\filters\CFilter.php(40): CFilterChain->run()
#25 C:\Inetpub\wwwroot\JLWebPHP\jlex\yii\framework\web\CController.php(1145): CFilter->filter(Object(CFilterChain))
#26 C:\Inetpub\wwwroot\JLWebPHP\jlex\yii\framework\web\filters\CInlineFilter.php(58): CController->filterAccessControl(Object(CFilterChain))
#27 C:\Inetpub\wwwroot\JLWebPHP\jlex\yii\framework\web\filters\CFilterChain.php(130): CInlineFilter->filter(Object(CFilterChain))
#28 C:\Inetpub\wwwroot\JLWebPHP\jlex\yii\framework\web\CController.php(291): CFilterChain->run()
#29 C:\Inetpub\wwwroot\JLWebPHP\jlex\yii\framework\web\CController.php(265): CController->runActionWithFilters(Object(CInlineAction), Array)
#30 C:\Inetpub\wwwroot\JLWebPHP\jlex\yii\framework\web\CWebApplication.php(282): CController->run('')
#31 C:\Inetpub\wwwroot\JLWebPHP\jlex\yii\framework\web\CWebApplication.php(141): CWebApplication->runController('')
#32 C:\Inetpub\wwwroot\JLWebPHP\jlex\yii\framework\base\CApplication.php(184): CWebApplication->processRequest()
#33 C:\Inetpub\wwwroot\JLWebPHP\jlex\yii\demos\blog\index.php(11): CApplication->run()
#34 {main}
REQUEST_URI=/yii/demos/blog/
---
2015/03/02 12:19:20 [error] [exception.CDbException] could not find driver
2015/03/02 12:19:20 [error] [exception.CDbException] exception 'CDbException' with message 'CDbConnection failed to open the DB connection.' in C:\Inetpub\wwwroot\JLWebPHP\jlex\yii\framework\db\CDbConnection.php:405
Stack trace:
#0 C:\Inetpub\wwwroot\JLWebPHP\jlex\yii\framework\db\CDbConnection.php(347): CDbConnection->open()
#1 C:\Inetpub\wwwroot\JLWebPHP\jlex\yii\framework\db\CDbConnection.php(325): CDbConnection->setActive(true)
#2 C:\Inetpub\wwwroot\JLWebPHP\jlex\yii\framework\base\CModule.php(394): CDbConnection->init()
#3 C:\Inetpub\wwwroot\JLWebPHP\jlex\yii\framework\base\CApplication.php(458): CModule->getComponent('db')
#4 C:\Inetpub\wwwroot\JLWebPHP\jlex\yii\framework\db\ar\CActiveRecord.php(637): CApplication->getDb()
#5 C:\Inetpub\wwwroot\JLWebPHP\jlex\yii\framework\db\ar\CActiveRecord.php(670): CActiveRecord->getDbConnection()
#6 C:\Inetpub\wwwroot\JLWebPHP\jlex\yii\framework\db\ar\CActiveRecord.php(1601): CActiveRecord->getCommandBuilder()
#7 C:\Inetpub\wwwroot\JLWebPHP\jlex\yii\framework\web\CActiveDataProvider.php(228): CActiveRecord->count(Object(CDbCriteria))
#8 C:\Inetpub\wwwroot\JLWebPHP\jlex\yii\framework\web\CDataProvider.php(224): CActiveDataProvider->calculateTotalItemCount()
#9 C:\Inetpub\wwwroot\JLWebPHP\jlex\yii\framework\web\CActiveDataProvider.php(178): CDataProvider->getTotalItemCount()
#10 C:\Inetpub\wwwroot\JLWebPHP\jlex\yii\framework\web\CDataProvider.php(168): CActiveDataProvider->fetchData()
#11 C:\Inetpub\wwwroot\JLWebPHP\jlex\yii\framework\zii\widgets\CBaseListView.php(125): CDataProvider->getData()
#12 C:\Inetpub\wwwroot\JLWebPHP\jlex\yii\framework\zii\widgets\CListView.php(211): CBaseListView->init()
#13 C:\Inetpub\wwwroot\JLWebPHP\jlex\yii\framework\web\CBaseController.php(147): CListView->init()
#14 C:\Inetpub\wwwroot\JLWebPHP\jlex\yii\framework\web\CBaseController.php(180): CBaseController->createWidget('zii.widgets.CLi...', Array)
#15 C:\Inetpub\wwwroot\JLWebPHP\jlex\yii\demos\blog\protected\views\post\index.php(9): CBaseController->widget('zii.widgets.CLi...', Array)
#16 C:\Inetpub\wwwroot\JLWebPHP\jlex\yii\framework\web\CBaseController.php(126): require('C:\Inetpub\wwwr...')
#17 C:\Inetpub\wwwroot\JLWebPHP\jlex\yii\framework\web\CBaseController.php(95): CBaseController->renderInternal('C:\Inetpub\wwwr...', Array, true)
#18 C:\Inetpub\wwwroot\JLWebPHP\jlex\yii\framework\web\CController.php(869): CBaseController->renderFile('C:\Inetpub\wwwr...', Array, true)
#19 C:\Inetpub\wwwroot\JLWebPHP\jlex\yii\framework\web\CController.php(782): CController->renderPartial('index', Array, true)
#20 C:\Inetpub\wwwroot\JLWebPHP\jlex\yii\demos\blog\protected\controllers\PostController.php(136): CController->render('index', Array)
#21 C:\Inetpub\wwwroot\JLWebPHP\jlex\yii\framework\web\actions\CInlineAction.php(49): PostController->actionIndex()
#22 C:\Inetpub\wwwroot\JLWebPHP\jlex\yii\framework\web\CController.php(308): CInlineAction->runWithParams(Array)
#23 C:\Inetpub\wwwroot\JLWebPHP\jlex\yii\framework\web\filters\CFilterChain.php(133): CController->runAction(Object(CInlineAction))
#24 C:\Inetpub\wwwroot\JLWebPHP\jlex\yii\framework\web\filters\CFilter.php(40): CFilterChain->run()
#25 C:\Inetpub\wwwroot\JLWebPHP\jlex\yii\framework\web\CController.php(1145): CFilter->filter(Object(CFilterChain))
#26 C:\Inetpub\wwwroot\JLWebPHP\jlex\yii\framework\web\filters\CInlineFilter.php(58): CController->filterAccessControl(Object(CFilterChain))
#27 C:\Inetpub\wwwroot\JLWebPHP\jlex\yii\framework\web\filters\CFilterChain.php(130): CInlineFilter->filter(Object(CFilterChain))
#28 C:\Inetpub\wwwroot\JLWebPHP\jlex\yii\framework\web\CController.php(291): CFilterChain->run()
#29 C:\Inetpub\wwwroot\JLWebPHP\jlex\yii\framework\web\CController.php(265): CController->runActionWithFilters(Object(CInlineAction), Array)
#30 C:\Inetpub\wwwroot\JLWebPHP\jlex\yii\framework\web\CWebApplication.php(282): CController->run('')
#31 C:\Inetpub\wwwroot\JLWebPHP\jlex\yii\framework\web\CWebApplication.php(141): CWebApplication->runController('')
#32 C:\Inetpub\wwwroot\JLWebPHP\jlex\yii\framework\base\CApplication.php(184): CWebApplication->processRequest()
#33 C:\Inetpub\wwwroot\JLWebPHP\jlex\yii\demos\blog\index.php(11): CApplication->run()
#34 {main}
REQUEST_URI=/yii/demos/blog/
---
2015/03/02 12:19:26 [error] [exception.CDbException] could not find driver
2015/03/02 12:19:26 [error] [exception.CDbException] exception 'CDbException' with message 'CDbConnection failed to open the DB connection.' in C:\Inetpub\wwwroot\JLWebPHP\jlex\yii\framework\db\CDbConnection.php:405
Stack trace:
#0 C:\Inetpub\wwwroot\JLWebPHP\jlex\yii\framework\db\CDbConnection.php(347): CDbConnection->open()
#1 C:\Inetpub\wwwroot\JLWebPHP\jlex\yii\framework\db\CDbConnection.php(325): CDbConnection->setActive(true)
#2 C:\Inetpub\wwwroot\JLWebPHP\jlex\yii\framework\base\CModule.php(394): CDbConnection->init()
#3 C:\Inetpub\wwwroot\JLWebPHP\jlex\yii\framework\base\CApplication.php(458): CModule->getComponent('db')
#4 C:\Inetpub\wwwroot\JLWebPHP\jlex\yii\framework\db\ar\CActiveRecord.php(637): CApplication->getDb()
#5 C:\Inetpub\wwwroot\JLWebPHP\jlex\yii\framework\db\ar\CActiveRecord.php(670): CActiveRecord->getDbConnection()
#6 C:\Inetpub\wwwroot\JLWebPHP\jlex\yii\framework\db\ar\CActiveRecord.php(1601): CActiveRecord->getCommandBuilder()
#7 C:\Inetpub\wwwroot\JLWebPHP\jlex\yii\framework\web\CActiveDataProvider.php(228): CActiveRecord->count(Object(CDbCriteria))
#8 C:\Inetpub\wwwroot\JLWebPHP\jlex\yii\framework\web\CDataProvider.php(224): CActiveDataProvider->calculateTotalItemCount()
#9 C:\Inetpub\wwwroot\JLWebPHP\jlex\yii\framework\web\CActiveDataProvider.php(178): CDataProvider->getTotalItemCount()
#10 C:\Inetpub\wwwroot\JLWebPHP\jlex\yii\framework\web\CDataProvider.php(168): CActiveDataProvider->fetchData()
#11 C:\Inetpub\wwwroot\JLWebPHP\jlex\yii\framework\zii\widgets\CBaseListView.php(125): CDataProvider->getData()
#12 C:\Inetpub\wwwroot\JLWebPHP\jlex\yii\framework\zii\widgets\CListView.php(211): CBaseListView->init()
#13 C:\Inetpub\wwwroot\JLWebPHP\jlex\yii\framework\web\CBaseController.php(147): CListView->init()
#14 C:\Inetpub\wwwroot\JLWebPHP\jlex\yii\framework\web\CBaseController.php(180): CBaseController->createWidget('zii.widgets.CLi...', Array)
#15 C:\Inetpub\wwwroot\JLWebPHP\jlex\yii\demos\blog\protected\views\post\index.php(9): CBaseController->widget('zii.widgets.CLi...', Array)
#16 C:\Inetpub\wwwroot\JLWebPHP\jlex\yii\framework\web\CBaseController.php(126): require('C:\Inetpub\wwwr...')
#17 C:\Inetpub\wwwroot\JLWebPHP\jlex\yii\framework\web\CBaseController.php(95): CBaseController->renderInternal('C:\Inetpub\wwwr...', Array, true)
#18 C:\Inetpub\wwwroot\JLWebPHP\jlex\yii\framework\web\CController.php(869): CBaseController->renderFile('C:\Inetpub\wwwr...', Array, true)
#19 C:\Inetpub\wwwroot\JLWebPHP\jlex\yii\framework\web\CController.php(782): CController->renderPartial('index', Array, true)
#20 C:\Inetpub\wwwroot\JLWebPHP\jlex\yii\demos\blog\protected\controllers\PostController.php(136): CController->render('index', Array)
#21 C:\Inetpub\wwwroot\JLWebPHP\jlex\yii\framework\web\actions\CInlineAction.php(49): PostController->actionIndex()
#22 C:\Inetpub\wwwroot\JLWebPHP\jlex\yii\framework\web\CController.php(308): CInlineAction->runWithParams(Array)
#23 C:\Inetpub\wwwroot\JLWebPHP\jlex\yii\framework\web\filters\CFilterChain.php(133): CController->runAction(Object(CInlineAction))
#24 C:\Inetpub\wwwroot\JLWebPHP\jlex\yii\framework\web\filters\CFilter.php(40): CFilterChain->run()
#25 C:\Inetpub\wwwroot\JLWebPHP\jlex\yii\framework\web\CController.php(1145): CFilter->filter(Object(CFilterChain))
#26 C:\Inetpub\wwwroot\JLWebPHP\jlex\yii\framework\web\filters\CInlineFilter.php(58): CController->filterAccessControl(Object(CFilterChain))
#27 C:\Inetpub\wwwroot\JLWebPHP\jlex\yii\framework\web\filters\CFilterChain.php(130): CInlineFilter->filter(Object(CFilterChain))
#28 C:\Inetpub\wwwroot\JLWebPHP\jlex\yii\framework\web\CController.php(291): CFilterChain->run()
#29 C:\Inetpub\wwwroot\JLWebPHP\jlex\yii\framework\web\CController.php(265): CController->runActionWithFilters(Object(CInlineAction), Array)
#30 C:\Inetpub\wwwroot\JLWebPHP\jlex\yii\framework\web\CWebApplication.php(282): CController->run('')
#31 C:\Inetpub\wwwroot\JLWebPHP\jlex\yii\framework\web\CWebApplication.php(141): CWebApplication->runController('')
#32 C:\Inetpub\wwwroot\JLWebPHP\jlex\yii\framework\base\CApplication.php(184): CWebApplication->processRequest()
#33 C:\Inetpub\wwwroot\JLWebPHP\jlex\yii\demos\blog\index.php(11): CApplication->run()
#34 {main}
REQUEST_URI=/yii/demos/blog/
---
2015/03/02 12:19:35 [error] [exception.CDbException] could not find driver
2015/03/02 12:19:35 [error] [exception.CDbException] exception 'CDbException' with message 'CDbConnection failed to open the DB connection.' in C:\Inetpub\wwwroot\JLWebPHP\jlex\yii\framework\db\CDbConnection.php:405
Stack trace:
#0 C:\Inetpub\wwwroot\JLWebPHP\jlex\yii\framework\db\CDbConnection.php(347): CDbConnection->open()
#1 C:\Inetpub\wwwroot\JLWebPHP\jlex\yii\framework\db\CDbConnection.php(325): CDbConnection->setActive(true)
#2 C:\Inetpub\wwwroot\JLWebPHP\jlex\yii\framework\base\CModule.php(394): CDbConnection->init()
#3 C:\Inetpub\wwwroot\JLWebPHP\jlex\yii\framework\base\CApplication.php(458): CModule->getComponent('db')
#4 C:\Inetpub\wwwroot\JLWebPHP\jlex\yii\framework\db\ar\CActiveRecord.php(637): CApplication->getDb()
#5 C:\Inetpub\wwwroot\JLWebPHP\jlex\yii\framework\db\ar\CActiveRecord.php(670): CActiveRecord->getDbConnection()
#6 C:\Inetpub\wwwroot\JLWebPHP\jlex\yii\framework\db\ar\CActiveRecord.php(1601): CActiveRecord->getCommandBuilder()
#7 C:\Inetpub\wwwroot\JLWebPHP\jlex\yii\framework\web\CActiveDataProvider.php(228): CActiveRecord->count(Object(CDbCriteria))
#8 C:\Inetpub\wwwroot\JLWebPHP\jlex\yii\framework\web\CDataProvider.php(224): CActiveDataProvider->calculateTotalItemCount()
#9 C:\Inetpub\wwwroot\JLWebPHP\jlex\yii\framework\web\CActiveDataProvider.php(178): CDataProvider->getTotalItemCount()
#10 C:\Inetpub\wwwroot\JLWebPHP\jlex\yii\framework\web\CDataProvider.php(168): CActiveDataProvider->fetchData()
#11 C:\Inetpub\wwwroot\JLWebPHP\jlex\yii\framework\zii\widgets\CBaseListView.php(125): CDataProvider->getData()
#12 C:\Inetpub\wwwroot\JLWebPHP\jlex\yii\framework\zii\widgets\CListView.php(211): CBaseListView->init()
#13 C:\Inetpub\wwwroot\JLWebPHP\jlex\yii\framework\web\CBaseController.php(147): CListView->init()
#14 C:\Inetpub\wwwroot\JLWebPHP\jlex\yii\framework\web\CBaseController.php(180): CBaseController->createWidget('zii.widgets.CLi...', Array)
#15 C:\Inetpub\wwwroot\JLWebPHP\jlex\yii\demos\blog\protected\views\post\index.php(9): CBaseController->widget('zii.widgets.CLi...', Array)
#16 C:\Inetpub\wwwroot\JLWebPHP\jlex\yii\framework\web\CBaseController.php(126): require('C:\Inetpub\wwwr...')
#17 C:\Inetpub\wwwroot\JLWebPHP\jlex\yii\framework\web\CBaseController.php(95): CBaseController->renderInternal('C:\Inetpub\wwwr...', Array, true)
#18 C:\Inetpub\wwwroot\JLWebPHP\jlex\yii\framework\web\CController.php(869): CBaseController->renderFile('C:\Inetpub\wwwr...', Array, true)
#19 C:\Inetpub\wwwroot\JLWebPHP\jlex\yii\framework\web\CController.php(782): CController->renderPartial('index', Array, true)
#20 C:\Inetpub\wwwroot\JLWebPHP\jlex\yii\demos\blog\protected\controllers\PostController.php(136): CController->render('index', Array)
#21 C:\Inetpub\wwwroot\JLWebPHP\jlex\yii\framework\web\actions\CInlineAction.php(49): PostController->actionIndex()
#22 C:\Inetpub\wwwroot\JLWebPHP\jlex\yii\framework\web\CController.php(308): CInlineAction->runWithParams(Array)
#23 C:\Inetpub\wwwroot\JLWebPHP\jlex\yii\framework\web\filters\CFilterChain.php(133): CController->runAction(Object(CInlineAction))
#24 C:\Inetpub\wwwroot\JLWebPHP\jlex\yii\framework\web\filters\CFilter.php(40): CFilterChain->run()
#25 C:\Inetpub\wwwroot\JLWebPHP\jlex\yii\framework\web\CController.php(1145): CFilter->filter(Object(CFilterChain))
#26 C:\Inetpub\wwwroot\JLWebPHP\jlex\yii\framework\web\filters\CInlineFilter.php(58): CController->filterAccessControl(Object(CFilterChain))
#27 C:\Inetpub\wwwroot\JLWebPHP\jlex\yii\framework\web\filters\CFilterChain.php(130): CInlineFilter->filter(Object(CFilterChain))
#28 C:\Inetpub\wwwroot\JLWebPHP\jlex\yii\framework\web\CController.php(291): CFilterChain->run()
#29 C:\Inetpub\wwwroot\JLWebPHP\jlex\yii\framework\web\CController.php(265): CController->runActionWithFilters(Object(CInlineAction), Array)
#30 C:\Inetpub\wwwroot\JLWebPHP\jlex\yii\framework\web\CWebApplication.php(282): CController->run('index')
#31 C:\Inetpub\wwwroot\JLWebPHP\jlex\yii\framework\web\CWebApplication.php(141): CWebApplication->runController('post/index')
#32 C:\Inetpub\wwwroot\JLWebPHP\jlex\yii\framework\base\CApplication.php(184): CWebApplication->processRequest()
#33 C:\Inetpub\wwwroot\JLWebPHP\jlex\yii\demos\blog\index.php(11): CApplication->run()
#34 {main}
REQUEST_URI=/yii/demos/blog/index.php/post/index
HTTP_REFERER=http://192.168.93.133/yii/demos/blog/index.php/site/page?view=about
---
2015/03/02 12:19:55 [error] [exception.CDbException] could not find driver
2015/03/02 12:19:55 [error] [exception.CDbException] exception 'CDbException' with message 'CDbConnection failed to open the DB connection.' in C:\Inetpub\wwwroot\JLWebPHP\jlex\yii\framework\db\CDbConnection.php:405
Stack trace:
#0 C:\Inetpub\wwwroot\JLWebPHP\jlex\yii\framework\db\CDbConnection.php(347): CDbConnection->open()
#1 C:\Inetpub\wwwroot\JLWebPHP\jlex\yii\framework\db\CDbConnection.php(325): CDbConnection->setActive(true)
#2 C:\Inetpub\wwwroot\JLWebPHP\jlex\yii\framework\base\CModule.php(394): CDbConnection->init()
#3 C:\Inetpub\wwwroot\JLWebPHP\jlex\yii\framework\base\CApplication.php(458): CModule->getComponent('db')
#4 C:\Inetpub\wwwroot\JLWebPHP\jlex\yii\framework\db\ar\CActiveRecord.php(637): CApplication->getDb()
#5 C:\Inetpub\wwwroot\JLWebPHP\jlex\yii\framework\db\ar\CActiveRecord.php(670): CActiveRecord->getDbConnection()
#6 C:\Inetpub\wwwroot\JLWebPHP\jlex\yii\framework\db\ar\CActiveRecord.php(1601): CActiveRecord->getCommandBuilder()
#7 C:\Inetpub\wwwroot\JLWebPHP\jlex\yii\framework\web\CActiveDataProvider.php(228): CActiveRecord->count(Object(CDbCriteria))
#8 C:\Inetpub\wwwroot\JLWebPHP\jlex\yii\framework\web\CDataProvider.php(224): CActiveDataProvider->calculateTotalItemCount()
#9 C:\Inetpub\wwwroot\JLWebPHP\jlex\yii\framework\web\CActiveDataProvider.php(178): CDataProvider->getTotalItemCount()
#10 C:\Inetpub\wwwroot\JLWebPHP\jlex\yii\framework\web\CDataProvider.php(168): CActiveDataProvider->fetchData()
#11 C:\Inetpub\wwwroot\JLWebPHP\jlex\yii\framework\zii\widgets\CBaseListView.php(125): CDataProvider->getData()
#12 C:\Inetpub\wwwroot\JLWebPHP\jlex\yii\framework\zii\widgets\CListView.php(211): CBaseListView->init()
#13 C:\Inetpub\wwwroot\JLWebPHP\jlex\yii\framework\web\CBaseController.php(147): CListView->init()
#14 C:\Inetpub\wwwroot\JLWebPHP\jlex\yii\framework\web\CBaseController.php(180): CBaseController->createWidget('zii.widgets.CLi...', Array)
#15 C:\Inetpub\wwwroot\JLWebPHP\jlex\yii\demos\blog\protected\views\post\index.php(9): CBaseController->widget('zii.widgets.CLi...', Array)
#16 C:\Inetpub\wwwroot\JLWebPHP\jlex\yii\framework\web\CBaseController.php(126): require('C:\Inetpub\wwwr...')
#17 C:\Inetpub\wwwroot\JLWebPHP\jlex\yii\framework\web\CBaseController.php(95): CBaseController->renderInternal('C:\Inetpub\wwwr...', Array, true)
#18 C:\Inetpub\wwwroot\JLWebPHP\jlex\yii\framework\web\CController.php(869): CBaseController->renderFile('C:\Inetpub\wwwr...', Array, true)
#19 C:\Inetpub\wwwroot\JLWebPHP\jlex\yii\framework\web\CController.php(782): CController->renderPartial('index', Array, true)
#20 C:\Inetpub\wwwroot\JLWebPHP\jlex\yii\demos\blog\protected\controllers\PostController.php(136): CController->render('index', Array)
#21 C:\Inetpub\wwwroot\JLWebPHP\jlex\yii\framework\web\actions\CInlineAction.php(49): PostController->actionIndex()
#22 C:\Inetpub\wwwroot\JLWebPHP\jlex\yii\framework\web\CController.php(308): CInlineAction->runWithParams(Array)
#23 C:\Inetpub\wwwroot\JLWebPHP\jlex\yii\framework\web\filters\CFilterChain.php(133): CController->runAction(Object(CInlineAction))
#24 C:\Inetpub\wwwroot\JLWebPHP\jlex\yii\framework\web\filters\CFilter.php(40): CFilterChain->run()
#25 C:\Inetpub\wwwroot\JLWebPHP\jlex\yii\framework\web\CController.php(1145): CFilter->filter(Object(CFilterChain))
#26 C:\Inetpub\wwwroot\JLWebPHP\jlex\yii\framework\web\filters\CInlineFilter.php(58): CController->filterAccessControl(Object(CFilterChain))
#27 C:\Inetpub\wwwroot\JLWebPHP\jlex\yii\framework\web\filters\CFilterChain.php(130): CInlineFilter->filter(Object(CFilterChain))
#28 C:\Inetpub\wwwroot\JLWebPHP\jlex\yii\framework\web\CController.php(291): CFilterChain->run()
#29 C:\Inetpub\wwwroot\JLWebPHP\jlex\yii\framework\web\CController.php(265): CController->runActionWithFilters(Object(CInlineAction), Array)
#30 C:\Inetpub\wwwroot\JLWebPHP\jlex\yii\framework\web\CWebApplication.php(282): CController->run('index')
#31 C:\Inetpub\wwwroot\JLWebPHP\jlex\yii\framework\web\CWebApplication.php(141): CWebApplication->runController('post/index')
#32 C:\Inetpub\wwwroot\JLWebPHP\jlex\yii\framework\base\CApplication.php(184): CWebApplication->processRequest()
#33 C:\Inetpub\wwwroot\JLWebPHP\jlex\yii\demos\blog\index.php(11): CApplication->run()
#34 {main}
REQUEST_URI=/yii/demos/blog/index.php/post/index
HTTP_REFERER=http://192.168.93.133/yii/demos/blog/index.php/site/contact
---
2015/03/02 12:22:39 [error] [exception.CDbException] could not find driver
2015/03/02 12:22:39 [error] [exception.CDbException] exception 'CDbException' with message 'CDbConnection failed to open the DB connection.' in C:\Inetpub\wwwroot\JLWebPHP\jlex\yii\framework\db\CDbConnection.php:405
Stack trace:
#0 C:\Inetpub\wwwroot\JLWebPHP\jlex\yii\framework\db\CDbConnection.php(347): CDbConnection->open()
#1 C:\Inetpub\wwwroot\JLWebPHP\jlex\yii\framework\db\CDbConnection.php(325): CDbConnection->setActive(true)
#2 C:\Inetpub\wwwroot\JLWebPHP\jlex\yii\framework\base\CModule.php(394): CDbConnection->init()
#3 C:\Inetpub\wwwroot\JLWebPHP\jlex\yii\framework\base\CApplication.php(458): CModule->getComponent('db')
#4 C:\Inetpub\wwwroot\JLWebPHP\jlex\yii\framework\db\ar\CActiveRecord.php(637): CApplication->getDb()
#5 C:\Inetpub\wwwroot\JLWebPHP\jlex\yii\framework\db\ar\CActiveRecord.php(670): CActiveRecord->getDbConnection()
#6 C:\Inetpub\wwwroot\JLWebPHP\jlex\yii\framework\db\ar\CActiveRecord.php(1601): CActiveRecord->getCommandBuilder()
#7 C:\Inetpub\wwwroot\JLWebPHP\jlex\yii\framework\web\CActiveDataProvider.php(228): CActiveRecord->count(Object(CDbCriteria))
#8 C:\Inetpub\wwwroot\JLWebPHP\jlex\yii\framework\web\CDataProvider.php(224): CActiveDataProvider->calculateTotalItemCount()
#9 C:\Inetpub\wwwroot\JLWebPHP\jlex\yii\framework\web\CActiveDataProvider.php(178): CDataProvider->getTotalItemCount()
#10 C:\Inetpub\wwwroot\JLWebPHP\jlex\yii\framework\web\CDataProvider.php(168): CActiveDataProvider->fetchData()
#11 C:\Inetpub\wwwroot\JLWebPHP\jlex\yii\framework\zii\widgets\CBaseListView.php(125): CDataProvider->getData()
#12 C:\Inetpub\wwwroot\JLWebPHP\jlex\yii\framework\zii\widgets\CListView.php(211): CBaseListView->init()
#13 C:\Inetpub\wwwroot\JLWebPHP\jlex\yii\framework\web\CBaseController.php(147): CListView->init()
#14 C:\Inetpub\wwwroot\JLWebPHP\jlex\yii\framework\web\CBaseController.php(180): CBaseController->createWidget('zii.widgets.CLi...', Array)
#15 C:\Inetpub\wwwroot\JLWebPHP\jlex\yii\demos\blog\protected\views\post\index.php(9): CBaseController->widget('zii.widgets.CLi...', Array)
#16 C:\Inetpub\wwwroot\JLWebPHP\jlex\yii\framework\web\CBaseController.php(126): require('C:\Inetpub\wwwr...')
#17 C:\Inetpub\wwwroot\JLWebPHP\jlex\yii\framework\web\CBaseController.php(95): CBaseController->renderInternal('C:\Inetpub\wwwr...', Array, true)
#18 C:\Inetpub\wwwroot\JLWebPHP\jlex\yii\framework\web\CController.php(869): CBaseController->renderFile('C:\Inetpub\wwwr...', Array, true)
#19 C:\Inetpub\wwwroot\JLWebPHP\jlex\yii\framework\web\CController.php(782): CController->renderPartial('index', Array, true)
#20 C:\Inetpub\wwwroot\JLWebPHP\jlex\yii\demos\blog\protected\controllers\PostController.php(136): CController->render('index', Array)
#21 C:\Inetpub\wwwroot\JLWebPHP\jlex\yii\framework\web\actions\CInlineAction.php(49): PostController->actionIndex()
#22 C:\Inetpub\wwwroot\JLWebPHP\jlex\yii\framework\web\CController.php(308): CInlineAction->runWithParams(Array)
#23 C:\Inetpub\wwwroot\JLWebPHP\jlex\yii\framework\web\filters\CFilterChain.php(133): CController->runAction(Object(CInlineAction))
#24 C:\Inetpub\wwwroot\JLWebPHP\jlex\yii\framework\web\filters\CFilter.php(40): CFilterChain->run()
#25 C:\Inetpub\wwwroot\JLWebPHP\jlex\yii\framework\web\CController.php(1145): CFilter->filter(Object(CFilterChain))
#26 C:\Inetpub\wwwroot\JLWebPHP\jlex\yii\framework\web\filters\CInlineFilter.php(58): CController->filterAccessControl(Object(CFilterChain))
#27 C:\Inetpub\wwwroot\JLWebPHP\jlex\yii\framework\web\filters\CFilterChain.php(130): CInlineFilter->filter(Object(CFilterChain))
#28 C:\Inetpub\wwwroot\JLWebPHP\jlex\yii\framework\web\CController.php(291): CFilterChain->run()
#29 C:\Inetpub\wwwroot\JLWebPHP\jlex\yii\framework\web\CController.php(265): CController->runActionWithFilters(Object(CInlineAction), Array)
#30 C:\Inetpub\wwwroot\JLWebPHP\jlex\yii\framework\web\CWebApplication.php(282): CController->run('')
#31 C:\Inetpub\wwwroot\JLWebPHP\jlex\yii\framework\web\CWebApplication.php(141): CWebApplication->runController('')
#32 C:\Inetpub\wwwroot\JLWebPHP\jlex\yii\framework\base\CApplication.php(184): CWebApplication->processRequest()
#33 C:\Inetpub\wwwroot\JLWebPHP\jlex\yii\demos\blog\index.php(11): CApplication->run()
#34 {main}
REQUEST_URI=/yii/demos/blog/
---
